This is e-TeX, Version 3.141592-2.2 (MiKTeX 2.4) (preloaded format=latex 2006.2.8)  8 JUN 2006 00:04
entering extended mode
**MainWnd.cpp.lg
(MainWnd.cpp.lg
LaTeX2e <2003/12/01>
Babel <v3.8g> and hyphenation patterns for english, dumylang, nohyphenation, ge
rman, ngerman, french, loaded.

! LaTeX Error: \usepackage before \documentclass.

See the LaTeX manual or LaTeX Companion for explanation.
Type  H <return>  for immediate help.
 ...                                              
                                                  
l.2 \usepackage{
                lgrind}
? 
! Emergency stop.
 ...                                              
                                                  
l.2 \usepackage{
                lgrind}
\usepackage may only appear in the document preamble, i.e.,
between \documentclass and \begin{document}.

 
Here is how much of TeX's memory you used:
 7 strings out of 95901
 210 string characters out of 1195330
 44793 words of memory out of 1048577
 3139 multiletter control sequences out of 60000
 3640 words of font info for 14 fonts, out of 1000000 for 2000
 14 hyphenation exceptions out of 4999
 5i,0n,5p,52b,14s stack positions out of 5000i,500n,10000p,200000b,32768s
No pages of output.
